;  LST file generated by mikroListExporter - v.2.0 
; Date/Time: 5/29/2011 9:55:40 PM
;----------------------------------------------

;Address Opcode 	ASM
0x0000	0x2803      	GOTO       3
_main:
;picoDetector.c,13 :: 		void main(){
;picoDetector.c,17 :: 		CMCON = 7 ;
0x0003	0x3007      	MOVLW      7
0x0004	0x1283      	BCF        STATUS, 5
0x0005	0x0099      	MOVWF      CMCON
;picoDetector.c,18 :: 		TRISIO = 0 ;
0x0006	0x1683      	BSF        STATUS, 5
0x0007	0x0185      	CLRF       TRISIO
;picoDetector.c,19 :: 		GPIO = 0 ;
0x0008	0x1283      	BCF        STATUS, 5
0x0009	0x0185      	CLRF       GPIO
;picoDetector.c,24 :: 		if(STATUS.NOT_TO){
0x000A	0x1E03      	BTFSS      STATUS, 4
0x000B	0x280F      	GOTO       L_main0
;picoDetector.c,28 :: 		restarts = 0 ;
0x000C	0x01A2      	CLRF       _restarts
;picoDetector.c,29 :: 		calibr = 1 ;
0x000D	0x3001      	MOVLW      1
0x000E	0x00A4      	MOVWF      _calibr
;picoDetector.c,30 :: 		}
L_main0:
;picoDetector.c,35 :: 		if(restarts < 255) restarts++ ;
0x000F	0x30FF      	MOVLW      255
0x0010	0x0222      	SUBWF      _restarts, 0
0x0011	0x1803      	BTFSC      STATUS, 0
0x0012	0x2814      	GOTO       L_main1
0x0013	0x0AA2      	INCF       _restarts, 1
L_main1:
;picoDetector.c,40 :: 		if((previous ^ ctr) > calibr){
0x0014	0x0826      	MOVF       _ctr, 0
0x0015	0x0625      	XORWF      _previous, 0
0x0016	0x00D1      	MOVWF      R1
0x0017	0x0851      	MOVF       R1, 0
0x0018	0x0224      	SUBWF      _calibr, 0
0x0019	0x1803      	BTFSC      STATUS, 0
0x001A	0x2836      	GOTO       L_main2
;picoDetector.c,44 :: 		GPIO.F0 = en ;
0x001B	0x1823      	BTFSC      _en, 0
0x001C	0x2820      	GOTO       L__main12
0x001D	0x1283      	BCF        STATUS, 5
0x001E	0x1005      	BCF        GPIO, 0
0x001F	0x2822      	GOTO       L__main13
L__main12:
0x0020	0x1283      	BCF        STATUS, 5
0x0021	0x1405      	BSF        GPIO, 0
L__main13:
;picoDetector.c,49 :: 		if(STATUS.NOT_TO == 0){
0x0022	0x1A03      	BTFSC      STATUS, 4
0x0023	0x2835      	GOTO       L_main3
;picoDetector.c,53 :: 		if(restarts < MAXTRY){
0x0024	0x3032      	MOVLW      50
0x0025	0x0222      	SUBWF      _restarts, 0
0x0026	0x1803      	BTFSC      STATUS, 0
0x0027	0x2834      	GOTO       L_main4
;picoDetector.c,58 :: 		calibr <<= 1 ;
0x0028	0x0DA4      	RLF        _calibr, 1
0x0029	0x1024      	BCF        _calibr, 0
;picoDetector.c,59 :: 		Delay_ms(5);
0x002A	0x300D      	MOVLW      13
0x002B	0x00DC      	MOVWF      R12
0x002C	0x30FB      	MOVLW      251
0x002D	0x00DD      	MOVWF      R13
L_main5:
0x002E	0x0BDD      	DECFSZ     R13, 1
0x002F	0x282E      	GOTO       L_main5
0x0030	0x0BDC      	DECFSZ     R12, 1
0x0031	0x282E      	GOTO       L_main5
0x0032	0x0000      	NOP
0x0033	0x0000      	NOP
;picoDetector.c,60 :: 		}
L_main4:
;picoDetector.c,61 :: 		}
0x0034	0x2836      	GOTO       L_main6
L_main3:
;picoDetector.c,66 :: 		GPIO.F0 = 0 ;
0x0035	0x1005      	BCF        GPIO, 0
;picoDetector.c,67 :: 		}
L_main6:
;picoDetector.c,68 :: 		}
L_main2:
;picoDetector.c,73 :: 		previous = ctr ;
0x0036	0x0826      	MOVF       _ctr, 0
0x0037	0x00A5      	MOVWF      _previous
;picoDetector.c,78 :: 		if(restarts > MAXTRY){
0x0038	0x0822      	MOVF       _restarts, 0
0x0039	0x3C32      	SUBLW      50
0x003A	0x1803      	BTFSC      STATUS, 0
0x003B	0x2841      	GOTO       L_main7
;picoDetector.c,83 :: 		GPIO.F1 = 0 ;
0x003C	0x1283      	BCF        STATUS, 5
0x003D	0x1085      	BCF        GPIO, 1
;picoDetector.c,84 :: 		en = 1 ;
0x003E	0x3001      	MOVLW      1
0x003F	0x00A3      	MOVWF      _en
;picoDetector.c,85 :: 		}
0x0040	0x2844      	GOTO       L_main8
L_main7:
0x0041	0x1283      	BCF        STATUS, 5
;picoDetector.c,91 :: 		GPIO.F1 = 1 ;
0x0042	0x1485      	BSF        GPIO, 1
;picoDetector.c,92 :: 		en = 0 ;
0x0043	0x01A3      	CLRF       _en
;picoDetector.c,93 :: 		}
L_main8:
;picoDetector.c,98 :: 		OPTION_REG = 0b11111001 ;
0x0044	0x30F9      	MOVLW      249
0x0045	0x1683      	BSF        STATUS, 5
0x0046	0x0081      	MOVWF      OPTION_REG
;picoDetector.c,103 :: 		ctr = 0 ;
0x0047	0x01A6      	CLRF       _ctr
;picoDetector.c,104 :: 		while(1){
L_main9:
;picoDetector.c,105 :: 		ctr++ ;
0x0048	0x0AA6      	INCF       _ctr, 1
;picoDetector.c,106 :: 		}
0x0049	0x2848      	GOTO       L_main9
;picoDetector.c,107 :: 		}
L_end_main:
0x004A	0x284A      	GOTO       $+0
; end of _main
Symbol List:
//** Routines locations **
//ADDRESS    SIZE    PROCEDURE
//----------------------------------------------
0x0003      [72]    _main
//** Variables locations ** 
//ADDRESS    SIZE    VARIABLE
//----------------------------------------------
0x0000       [1]    INDF
0x0003       [1]    STATUS
0x0004       [1]    FSR
0x0005       [1]    GPIO
0x000A       [1]    PCLATH
0x0019       [1]    CMCON
0x0020       [2]    ___DoICPAddr
0x0022       [1]    _restarts
0x0023       [1]    _en
0x0024       [1]    _calibr
0x0025       [1]    _previous
0x0026       [1]    _ctr
0x0050       [1]    R0
0x0051       [1]    R1
0x0052       [1]    R2
0x0053       [1]    R3
0x0054       [1]    R4
0x0055       [1]    R5
0x0056       [1]    R6
0x0057       [1]    R7
0x0058       [1]    R8
0x0059       [1]    R9
0x005A       [1]    R10
0x005B       [1]    R11
0x005C       [1]    R12
0x005D       [1]    R13
0x005E       [1]    R14
0x005F       [1]    R15
0x0081       [1]    OPTION_REG
0x0085       [1]    TRISIO
//** Label List: ** 
//----------------------------------------------
  L_main0
  L_main1
  L_main2
  L_main3
  L_main4
  L_main5
  L_main6
  L_main7
  L_main8
  L_main9
  L_main10
  L_end_main
  _main
  L__main12
  L__main13
